<?xml version="1.0" encoding="UTF-8"?>
<!-- Generated by org.testng.reporters.JUnitXMLReporter -->
<testsuite ignored="0" hostname="DESKTOP-3CNBKPE" failures="0" tests="3" name="Default test" time="4.257" errors="0" timestamp="2023-09-16T00:12:08 IST">
  <testcase classname="restassured.apiautomation.APIChaining" name="verifyPostApi" time="3.013"/>
  <testcase classname="restassured.apiautomation.APIChaining" name="verifyDelApi" time="0.521"/>
  <testcase classname="restassured.apiautomation.APIChaining" name="verifyPutApi" time="0.643"/>
</testsuite> <!-- Default test -->
