<?xml version="1.0" encoding="UTF-8"?>
<!-- Generated by org.testng.reporters.JUnitXMLReporter -->
<testsuite ignored="0" hostname="DESKTOP-3CNBKPE" failures="0" tests="6" name="Test" time="6.66" errors="0" timestamp="2023-09-13T23:27:10 IST">
  <testcase classname="restassured.apiautomation.APIChaining" name="verifyPostApi" time="3.736"/>
  <testcase classname="restassured.apiautomation.APIChaining" name="verifyDelApi" time="0.472"/>
  <testcase classname="restassured.apiautomation.APIChaining" name="verifyPutApi" time="0.6"/>
  <testcase classname="restassured.apiautomation.GetApiTest" name="verifyGetApi" time="0.741"/>
  <testcase classname="restassured.apiautomation.PutApiTest" name="verifyPutApi" time="0.465"/>
  <testcase classname="restassured.apiautomation.PostApiTest" name="verifyPostApi" time="0.528"/>
</testsuite> <!-- Test -->
