<?xml version="1.0" encoding="UTF-8"?>
<testng-results ignored="0" total="3" passed="3" failed="0" skipped="0">
  <reporter-output>
  </reporter-output>
  <suite started-at="2023-09-16T00:12:04 IST" name="Default suite" finished-at="2023-09-16T00:12:08 IST" duration-ms="4257">
    <groups>
    </groups>
    <test started-at="2023-09-16T00:12:04 IST" name="Default test" finished-at="2023-09-16T00:12:08 IST" duration-ms="4257">
      <class name="restassured.apiautomation.APIChaining">
        <test-method signature="verifyPostApi()[pri:0, instance:restassured.apiautomation.APIChaining@2fb3536e]" started-at="2023-09-16T00:12:04 IST" name="verifyPostApi" finished-at="2023-09-16T00:12:07 IST" duration-ms="3013" status="PASS">
          <reporter-output>
          </reporter-output>
        </test-method> <!-- verifyPostApi -->
        <test-method signature="verifyDelApi()[pri:0, instance:restassured.apiautomation.APIChaining@2fb3536e]" started-at="2023-09-16T00:12:07 IST" name="verifyDelApi" finished-at="2023-09-16T00:12:08 IST" depends-on-methods="restassured.apiautomation.APIChaining.verifyPostApi" duration-ms="521" status="PASS">
          <reporter-output>
          </reporter-output>
        </test-method> <!-- verifyDelApi -->
        <test-method signature="verifyPutApi()[pri:0, instance:restassured.apiautomation.APIChaining@2fb3536e]" started-at="2023-09-16T00:12:08 IST" name="verifyPutApi" finished-at="2023-09-16T00:12:08 IST" depends-on-methods="restassured.apiautomation.APIChaining.verifyPostApi" duration-ms="643" status="PASS">
          <reporter-output>
          </reporter-output>
        </test-method> <!-- verifyPutApi -->
      </class> <!-- restassured.apiautomation.APIChaining -->
    </test> <!-- Default test -->
  </suite> <!-- Default suite -->
</testng-results>
